<?xml version="1.0" encoding="UTF-8"?>
<!-- Generated by org.testng.reporters.JUnitXMLReporter -->
<testsuite hostname="DESKTOP-HRCUL5E" ignored="0" name="Test" tests="6" failures="1" timestamp="2022-01-07T15:13:12 IST" time="166.128" errors="0">
  <testcase name="flipkartTestChrome" time="0.314" classname="tests.FlipkartAssignment"/>
  <testcase name="flipkartTestChrome" time="0.124" classname="tests.FlipkartAssignment"/>
  <testcase name="flipkartTestChrome" time="0.034" classname="tests.FlipkartAssignment"/>
  <testcase name="flipkartTestEdge" time="0.078" classname="tests.FlipkartAssignment">
    <failure type="java.lang.AssertionError" message="Just Failed">
      <![CDATA[java.lang.AssertionError: Just Failed
at tests.FlipkartAssignment.flipkartTestEdge(FlipkartAssignment.java:43)
at java.util.concurrent.ThreadPoolExecutor.runWorker(Unknown Source)
at java.util.concurrent.ThreadPoolExecutor$Worker.run(Unknown Source)
at java.lang.Thread.run(Unknown Source)
... Removed 13 stack frames]]>
    </failure>
  </testcase> <!-- flipkartTestEdge -->
  <testcase name="flipkartTestFirefox" time="0.053" classname="tests.FlipkartAssignment">
    <skipped/>
  </testcase> <!-- flipkartTestFirefox -->
  <testcase name="flipkartTestFirefox" time="0.063" classname="tests.FlipkartAssignment">
    <skipped/>
  </testcase> <!-- flipkartTestFirefox -->
</testsuite> <!-- Test -->
